-------------------------------------------------------------------------------
Test set: com.jnas.books_marketplace_be.book.BookTest
-------------------------------------------------------------------------------
Tests run: 2, Failures: 1, Errors: 0, Skipped: 0, Time elapsed: 0.072 s <<< FAILURE! -- in com.jnas.books_marketplace_be.book.BookTest
com.jnas.books_marketplace_be.book.BookTest.testBookEquals -- Time elapsed: 0.049 s <<< FAILURE!
org.opentest4j.AssertionFailedError: expected: <com.jnas.books_marketplace_be.book.Book@61e14b53> but was: <com.jnas.books_marketplace_be.book.Book@16ccd2bc>
	at org.junit.jupiter.api.AssertionFailureBuilder.build(AssertionFailureBuilder.java:151)
	at org.junit.jupiter.api.AssertionFailureBuilder.buildAndThrow(AssertionFailureBuilder.java:132)
	at org.junit.jupiter.api.AssertEquals.failNotEqual(AssertEquals.java:197)
	at org.junit.jupiter.api.AssertEquals.assertEquals(AssertEquals.java:182)
	at org.junit.jupiter.api.AssertEquals.assertEquals(AssertEquals.java:177)
	at org.junit.jupiter.api.Assertions.assertEquals(Assertions.java:1145)
	at com.jnas.books_marketplace_be.book.BookTest.testBookEquals(BookTest.java:53)
	at java.base/java.lang.reflect.Method.invoke(Method.java:580)
	at java.base/java.util.ArrayList.forEach(ArrayList.java:1596)
	at java.base/java.util.ArrayList.forEach(ArrayList.java:1596)

