<?xml version="1.0" encoding="UTF-8"?>
<testsuite xmlns:xsi="http://www.w3.org/2001/XMLSchema-instance" xsi:noNamespaceSchemaLocation="https://maven.apache.org/surefire/maven-surefire-plugin/xsd/surefire-test-report.xsd" version="3.0.2" name="com.jnas.books_marketplace_be.book.BookTest" time="0.072" tests="2" errors="0" skipped="0" failures="1">
  <properties>
[...]
</properties>
  <testcase name="testBookCreation" classname="com.jnas.books_marketplace_be.book.BookTest" time="0.013"/>
  <testcase name="testBookEquals" classname="com.jnas.books_marketplace_be.book.BookTest" time="0.049">
    <failure message="expected: &lt;com.jnas.books_marketplace_be.book.Book@61e14b53&gt; but was: &lt;com.jnas.books_marketplace_be.book.Book@16ccd2bc&gt;" type="org.opentest4j.AssertionFailedError"><![CDATA[org.opentest4j.AssertionFailedError: expected: <com.jnas.books_marketplace_be.book.Book@61e14b53> but was: <com.jnas.books_marketplace_be.book.Book@16ccd2bc>
	at org.junit.jupiter.api.AssertionFailureBuilder.build(AssertionFailureBuilder.java:151)
	at org.junit.jupiter.api.AssertionFailureBuilder.buildAndThrow(AssertionFailureBuilder.java:132)
	at org.junit.jupiter.api.AssertEquals.failNotEqual(AssertEquals.java:197)
	at org.junit.jupiter.api.AssertEquals.assertEquals(AssertEquals.java:182)
	at org.junit.jupiter.api.AssertEquals.assertEquals(AssertEquals.java:177)
	at org.junit.jupiter.api.Assertions.assertEquals(Assertions.java:1145)
	at com.jnas.books_marketplace_be.book.BookTest.testBookEquals(BookTest.java:53)
	at java.base/java.lang.reflect.Method.invoke(Method.java:580)
	at java.base/java.util.ArrayList.forEach(ArrayList.java:1596)
	at java.base/java.util.ArrayList.forEach(ArrayList.java:1596)
]]></failure>
  </testcase>
</testsuite>